0 silly argv {
0 silly argv   _: [ 'create' ],
0 silly argv   lernaVersion: '8.1.6',
0 silly argv   '$0': 'lerna',
0 silly argv   name: 'app-api2-server'
0 silly argv }
1 notice cli v8.1.6
2 verbose packageConfigs Resolving packages based on package.json "workspaces" configuration.
3 verbose rootPath /home/ichirohsu/lerna-repo
4 info versioning independent
5 warn ENOREMOTE No git remote found, skipping repository property
6 error Error: canceled
6 error     at Interface.<anonymous> (/usr/lib/node_modules/lerna/node_modules/read/dist/commonjs/read.js:89:21)
6 error     at Interface.emit (node:events:519:28)
6 error     at [_ttyWrite] [as _ttyWrite] (node:internal/readline/interface:1126:18)
6 error     at ReadStream.onkeypress (node:internal/readline/interface:265:20)
6 error     at ReadStream.emit (node:events:519:28)
6 error     at emitKeys (node:internal/readline/utils:371:14)
6 error     at emitKeys.next (<anonymous>)
6 error     at ReadStream.onData (node:internal/readline/emitKeypressEvents:64:36)
6 error     at ReadStream.emit (node:events:519:28)
